﻿RP/0/RP0/CPU0:NCS540-2#sh run
Fri Aug  2 18:08:43.571 UTC
Building configuration...
!! IOS XR Configuration 7.8.2
!! Last configuration change at Thu Aug  1 18:51:49 2024 by Ciscoron
!
hostname NCS540-2
taskgroup LessAccess
 task read otn
 task read dwdm
 task read l2vpn
 task read sysmgr
 task read system
 task read logging
 task read interface
 task read sonet-sdh
 task read basic-services
 task read config-services
 task read ethernet-services
 task write otn
 task write dwdm
 task write l2vpn
 task write interface
 task write sonet-sdh
 task execute otn
 task execute dwdm
 task execute l2vpn
 task execute interface
 task execute sonet-sdh
 task debug otn
 task debug dwdm
 task debug l2vpn
 task debug interface
 task debug sonet-sdh
!
usergroup LessAccess
 taskgroup LessAccess
!
logging trap debugging
logging monitor debugging
logging 198.18.1.105 vrf MGMT port 9514
logging source-interface Loopback123
domain vrf Mgmt-intf name demo.cisco.com
domain vrf Mgmt-intf list demo.cisco.com
domain vrf Mgmt-intf name-server 10.89.198.224
domain vrf Mgmt-intf lookup source-interface MgmtEth0/RP0/CPU0/0
tacacs source-interface MgmtEth0/RP0/CPU0/0 vrf Mgmt-intf
username Ciscoron
 group root-lr
 group cisco-support
 secret 10 $6$sDp1OHxU4Dc/O...$RI3ZA1NlyqU63ev50oWG/MoRB1fjKgg/f0lVttcwkfGMv4P21lU/26ipi8OO/HKdMy8Sn6r08Aj0IyqkkN0dV/
!
aaa group server tacacs+ CISCO_ISE
 vrf Mgmt-intf
 server-private 10.89.198.206 port 49
  key 7 09585A0E14161E
  single-connection
 !
!
aaa authorization exec CONSOLE none
aaa authorization exec default group CISCO_ISE none
aaa authorization commands CONSOLE none
aaa authorization commands default group CISCO_ISE none
aaa authorization commands eem-method none
aaa authorization eventmanager default local
aaa authentication login CONSOLE local
aaa authentication login default group CISCO_ISE local
grpc
 vrf MGMT
 port 57400
 no-tls
 address-family ipv4
!
telemetry model-driven
 destination-group Telegraf
  vrf MGMT
  address-family ipv4 192.168.122.1 port 57002
   encoding self-describing-gpb
   protocol grpc no-tls
  !
 !
 destination-group CW_43dc8a5ea99529715899b4f5218408a785e40fce
  address-family ipv4 192.168.122.45 port 9010
   encoding self-describing-gpb
   protocol tcp
  !
 !
 destination-group CW_4b3c69a200668b0a8dc155caff295645c684a8f8
  address-family ipv4 192.168.122.45 port 9010
   encoding self-describing-gpb
   protocol tcp
  !
 !
 sensor-group CW_43dc8a5ea99529715899b4f5218408a785e40fce
  sensor-path Cisco-IOS-XR-infra-tc-oper:traffic-collector/afs/af/counters/tunnels/tunnel
 !
 sensor-group CW_4b3c69a200668b0a8dc155caff295645c684a8f8
  sensor-path Cisco-IOS-XR-infra-tc-oper:traffic-collector/vrf-table/default-vrf/afs/af/counters/prefixes/prefix
 !
 subscription CW_43dc8a5ea99529715899b4f5218408a785e40fce
  sensor-group-id CW_43dc8a5ea99529715899b4f5218408a785e40fce sample-interval 300000
  destination-id CW_43dc8a5ea99529715899b4f5218408a785e40fce
 !
 subscription CW_4b3c69a200668b0a8dc155caff295645c684a8f8
  sensor-group-id CW_4b3c69a200668b0a8dc155caff295645c684a8f8 sample-interval 300000
  destination-id CW_4b3c69a200668b0a8dc155caff295645c684a8f8
 !
!
ptp
 clock
  time-source NTP
 !        
!
vrf MGMT
 address-family ipv4 unicast
  import route-target
   100:10
  !
  export route-target
   100:10
  !
 !
!
vrf L3VPN
 address-family ipv4 unicast
 !
!
vrf Mgmt-intf
!
address-family ipv4 unicast
!
line default
 exec-timeout 180 0
 session-limit 10
 session-timeout 100
 transport input ssh
 transport output ssh
!
vty-pool default 0 99
http client secure-verify-host disable
http client secure-verify-peer disable
lpts pifib hardware police
 flow ssh known rate 10000
 flow ssh default rate 10000
!
snmp-server ifindex persist
snmp-server tcp vrf default
snmp-server vrf Mgmt-intf
!
snmp-server host 10.89.198.203 traps version 3 auth Epnm!234
snmp-server host 198.18.123.18 traps version 2c TTGMSI udp-port 1062
snmp-server user RONEPNM EPNM v3 auth sha encrypted 106B19170856405858 priv des56 encrypted 123C15191F4A5E577E SystemOwner
snmp-server user gdiazmez EPNM v3 auth sha encrypted 112E160B0D13075C20 priv des56 encrypted 112E160B0D13075C20 SystemOwner
snmp-server view all 1.3.111.2.802.1.1.8 included
snmp-server view EPNM 1.3.6 included
snmp-server view EPNM 1.0.8802.1.1.2 included
snmp-server community BARRY RO
snmp-server community Public RO SystemOwner
snmp-server community TTGMSI RW
snmp-server community public RO
snmp-server group EPNM v3 auth
snmp-server traps rf
snmp-server traps bfd
snmp-server traps ethernet cfm
snmp-server traps ntp
snmp-server traps ethernet oam events
snmp-server traps otn
snmp-server traps copy-complete
snmp-server traps snmp linkup
snmp-server traps snmp linkdown
snmp-server traps snmp coldstart
snmp-server traps snmp warmstart
snmp-server traps snmp authentication
snmp-server traps flash removal
snmp-server traps flash insertion
snmp-server traps power
snmp-server traps config
snmp-server traps entity
snmp-server traps selective-vrf-download role-change
snmp-server traps syslog
snmp-server traps system
snmp-server traps frequency synchronization
snmp-server traps bridgemib
snmp-server traps optical
snmp-server traps addrpool low
snmp-server traps addrpool high
snmp-server traps cisco-entity-ext
snmp-server traps entity-state operstatus
snmp-server traps entity-state switchover
snmp-server traps entity-redundancy all
snmp-server traps entity-redundancy status
snmp-server traps entity-redundancy switchover
snmp-server contact NULL
snmp-server trap-source MgmtEth0/RSP0/CPU0/0
fpd auto-upgrade enable
ntp
 server vrf MGMT 198.18.134.1
 source vrf MGMT Loopback123
!
call-home
 vrf Mgmt-intf
 service active
 contact smart-licensing
 source-interface MgmtEth0/RP0/CPU0/0
 profile CiscoTAC-1
  active
  destination transport-method email disable
  destination transport-method http
 !
!
netconf-yang agent
 ssh
!
interface Loopback0
 ipv4 address 10.0.0.18 255.255.255.255
!
interface Loopback123
 vrf MGMT
 ipv4 address 198.18.123.18 255.255.255.255
!         
interface MgmtEth0/RP0/CPU0/0
 vrf Mgmt-intf
 ipv4 address 10.89.200.33 255.255.255.0
!
interface HundredGigE0/0/0/0
 mtu 9200
 ipv4 address 172.16.40.94 255.255.255.252
 lldp
  enable
 !
!
interface HundredGigE0/0/0/0.101
 vrf L3VPN
 ipv4 address 10.101.2.10 255.255.255.0
 encapsulation dot1q 101
!
interface HundredGigE0/0/0/1
 mtu 9200
 ipv4 address 172.16.40.110 255.255.255.252
 lldp
  enable
 !
!
interface TwentyFiveGigE0/0/0/2
 shutdown
!
interface TwentyFiveGigE0/0/0/3
 shutdown
!
interface TwentyFiveGigE0/0/0/4
 shutdown
!
interface TwentyFiveGigE0/0/0/5
 shutdown
!
interface TwentyFiveGigE0/0/0/6
 shutdown
!
interface TwentyFiveGigE0/0/0/7
 shutdown
!
interface TwentyFiveGigE0/0/0/8
 shutdown
!
interface TwentyFiveGigE0/0/0/9
 shutdown
!
interface TwentyFiveGigE0/0/0/10
 shutdown
!
interface TwentyFiveGigE0/0/0/11
 shutdown
!
interface TwentyFiveGigE0/0/0/12
 shutdown
!
interface TwentyFiveGigE0/0/0/13
 shutdown
!
interface TwentyFiveGigE0/0/0/14
 shutdown
!
interface TwentyFiveGigE0/0/0/15
 shutdown
!
interface TwentyFiveGigE0/0/0/16
 shutdown
!
interface TwentyFiveGigE0/0/0/17
 shutdown
!
interface TwentyFiveGigE0/0/0/18
 shutdown
!
interface TwentyFiveGigE0/0/0/19
 shutdown
!
interface TwentyFiveGigE0/0/0/20
 shutdown
!
interface TwentyFiveGigE0/0/0/21
 shutdown
!
interface TwentyFiveGigE0/0/0/22
 shutdown
!
interface TwentyFiveGigE0/0/0/23
 shutdown
!
interface TwentyFiveGigE0/0/0/24
 shutdown
!
interface TwentyFiveGigE0/0/0/25
 shutdown
!
interface TwentyFiveGigE0/0/0/26
 shutdown
!
interface TwentyFiveGigE0/0/0/27
 shutdown
!
interface TwentyFiveGigE0/0/0/28
 shutdown
!
interface TwentyFiveGigE0/0/0/29
 shutdown
!
interface TwentyFiveGigE0/0/0/30
 shutdown
!
interface TwentyFiveGigE0/0/0/31
 shutdown
!
interface TwentyFiveGigE0/0/0/32
 shutdown
!
interface TwentyFiveGigE0/0/0/33
 shutdown
!
!
route-policy RPL_SID_INDEX($index)
  set label-index $index
end-policy
!
router static
 vrf L3VPN
  address-family ipv4 unicast
   0.0.0.0/0 10.101.2.1
  !
 !
 vrf Mgmt-intf
  address-family ipv4 unicast
   0.0.0.0/0 10.89.200.1
  !
 !
!
router isis RCDN
 net 49.0001.0000.0000.0018.00
 nsr
 nsf cisco
 log adjacency changes
 address-family ipv4 unicast
  metric-style wide
  mpls traffic-eng level-2-only
  mpls traffic-eng router-id 10.0.0.18
  segment-routing mpls sr-prefer
 !
 interface Loopback0
  passive
  circuit-type level-2-only
  address-family ipv4 unicast
   prefix-sid index 18
  !
 !
 interface HundredGigE0/0/0/0
  circuit-type level-2-only
  point-to-point
  address-family ipv4 unicast
   adjacency-sid absolute 15138
  !
 !
 interface HundredGigE0/0/0/1
  circuit-type level-2-only
  point-to-point
  address-family ipv4 unicast
   adjacency-sid absolute 15168
  !
 !
!
router bgp 100
 bgp router-id 10.0.0.18
 address-family ipv4 unicast
  network 10.0.0.18/32 route-policy RPL_SID_INDEX(18)
  allocate-label all
 !
 address-family vpnv4 unicast
 !
 address-family l2vpn vpls-vpws
 !
 address-family link-state link-state
 !
 neighbor-group RR
  remote-as 100
  update-source Loopback0
  address-family ipv4 labeled-unicast
  !
  address-family vpnv4 unicast
  !
  address-family l2vpn vpls-vpws
  !
  address-family link-state link-state
  !
 !
 neighbor 10.0.0.1
  use neighbor-group RR
 !
 neighbor 10.0.0.2
  use neighbor-group RR
 !
 neighbor 10.0.0.102
  remote-as 100
  update-source Loopback0
  address-family link-state link-state
  !
 !
 vrf MGMT
  rd 10.0.0.18:10
  address-family ipv4 unicast
   network 198.18.123.18/32
  !
 !
!
mpls oam
!
segment-routing
 global-block 16000 24000
 traffic-eng
  logging
   policy status
  !
  maximum-sid-depth 5
  pcc
   source-address ipv4 10.0.0.18
   pce address ipv4 10.0.0.102
    precedence 100
    password encrypted 105A1D1E08041B4A5E57
   !
   report-all
   redundancy pcc-centric
   profile 1
   !
  !
 !
!
crypto ca trustpoint Trustpool
 crl optional
!
crypto ca trustpoint system-trustpoint
 crl optional
!
crypto key generate rsa the_default usage-keys 4096 | -----BEGIN PUBLIC KEY-----
MIICIjANBgkqhkiG9w0BAQEFAAOCAg8AMIICCgKCAgEA3Hr5weXTbM8yGVR17i5M
egA33DgblBAun2QM1A/oV+kLyp5Y0PBn/Esg9igAdyXYe7Wxa3q58uAkS37wsqOm
JN+ahMfG7DIOUUni4+yR/UCB/I+VzpeWe79jCOeSAA1Ni2X9phdSEl0Ytyx/skfC
j+Ztv5KOdRgm5dSwWTdjlL9oubAD0ZnMl3+d5uWm3qpetSkW/gQ7PUpqobDhE9QV
o0+woihCfHr9Id/20htzHQYM8rBHtuCSvihxnZOHIUfMq4s/STcq4ZGT4b30js9b
PioaXavrV6OkPZpIwDBt7l4Ywcb0P2d7XaJoMcgGFoPcXx17HiAp2zR8w20d6gL6
fFQc6hyuqjlZEyieniOHGKEPzdbqG3szhtm+PsKi/kmhbAuXYSOYkCkaIrzd/kjK
WRfwa0DVvlPb+V1HXTgk/5H8w3EkvE90TZnfnQUDHOCxhWRiuMD+tX7uaFO1lnAh
I0oUBFfvmbI1qLaG0NvynjMira+DOHIDZ/GMZxF4bn1pfXNNTl6jxNAhalpEFlRe
IMkJ3WHyubHAyn7DqTZSKyGmH3ZQMfKa8Y6An2+RHj/hmHepHLnrLP6KcDOMuySN
uvWfHs7sdChZGCXdQZUB9UDQgSzyTVK9XuMDlwG6IVD/khDcn9+V5sp4zyJt2mH3
j+xzcVzWf0Rx+u9gdEpgg1UCAwEAAQ==
-----END PUBLIC KEY-----

-----BEGIN PUBLIC KEY-----
MIICIjANBgkqhkiG9w0BAQEFAAOCAg8AMIICCgKCAgEA8H9XGKEYwghpyHkTfUjV
HhlUqI6B0CRcfijjIfRcKRFF5jDvxbbHphYaELNZhd28YeHXxVaxSMra5Ad8gcLV
GB/UKHa8uTVdDYRv92mP6AQ3XQwfwa6Kc7qa2bcZxMmWKK72+GmVNBMUDtl7W0tJ
dQAuT/y3Vtw7sWZP8NXEpXeZqMQXt8Kt+Db1mJqreEK4SW4nDirHn1t+mCGJgrbS
iBBgI3tWSbv8m/vQPIS7J1Ccf0IF+UQ+NV1qwfFzPmlrXi7NUomOZK869ByUU2vs
x3xdx/sj8J03CdlKC8SOCJqpL270/BHFLg7ZsQVGc9ZuKQF7jJq7LQYCGwWT7cSk
tDsxDyFrO8L94Q+r9TsTfEdDg0BBl0X4yOKwC9FUgTwxWU3AT8kdJPl/v88ig2jm
KSFtPdIeD8Quzh6Wfjsf61UZqVbQiL7EDX/jMx/DaZwbSuI88E0aWZdO/XA+jfgp
3PQgk8n6kvOJCydEx6GrQs35jw47xO/PYnmgtpvlbWn/vk+5FSmJycsedFw5gTxm
3/pu2SOjifNUvMPQFbyvTIJ7IpwN9FPrwBQBDTizFaR9E+wIIss1a77TfIJrXCHR
qtlRfofYeRPUOkZ9a8sTbpyuEY5IcwTmY2XxhJbIwnQoLN7z5XtWh2Tl0UzFI9Xd
RzbWmkDXcCLWTFs1cgvrpm0CAwEAAQ==
-----END PUBLIC KEY-----
 |
ssh timeout 30
ssh server rate-limit 600
ssh server v2
ssh server vrf MGMT
ssh server vrf default
ssh server vrf Mgmt-intf
ssh server netconf vrf MGMT
ssh server netconf vrf default
performance-measurement
 endpoint ipv4 10.0.0.8
  source-address ipv4 10.0.0.18
 !
 endpoint ipv4 10.0.0.14
  source-address ipv4 10.0.0.8
 !
 path-tracing
 !
 delay-profile sr-policy default
  advertisement
   periodic
    interval 60
   !
  !
  probe
   tx-interval 500000
  !
 !
 delay-profile endpoint default
  advertisement
   periodic
    interval 60
   !
  !
 !
 delay-profile name TEST
  advertisement
   accelerated
   !
   periodic
    interval 60
   !
  !
  probe
   measurement-mode one-way
   protocol twamp-light
  !
 !
 protocol twamp-light
  measurement delay
   unauthenticated
    querier-dst-port 12000
   !
  !
 !        
!
end

RP/0/RP0/CPU0:NCS540-2#   show ver
Fri Aug  2 18:08:48.798 UTC
Cisco IOS XR Software, Version 7.8.2 LNT
Copyright (c) 2013-2023 by Cisco Systems, Inc.

Build Information:
 Built By     : ingunawa
 Built On     : Wed Mar 15 16:45:19 UTC 2023
 Build Host   : iox-lnx-069
 Workspace    : /auto/srcarchive13/prod/7.8.2/ncs540l/ws
 Version      : 7.8.2
 Label        : 7.8.2

cisco NCS540L (D1519 @ 1.50GHz)
cisco N540-24Q8L2DD-SYS (D1519 @ 1.50GHz) processor with 16GB of memory
NCS540-2 uptime is 6 weeks, 5 days, 20 hours, 56 minutes
Cisco NCS540 Series, Fixed Router 2x400G, 8x50G, 24x25G Chassis

RP/0/RP0/CPU0:NCS540-2#sho isis neighbors 
Fri Aug  2 18:08:51.169 UTC

IS-IS RCDN neighbors:
System Id      Interface        SNPA           State Holdtime Type IETF-NSF
NCS57C3-2      Hu0/0/0/1        *PtoP*         Up    29       L2   Capable 
NCS55A2-2      Hu0/0/0/0        *PtoP*         Up    24       L2   Capable 

Total neighbor count: 2
RP/0/RP0/CPU0:NCS540-2#sho isis
Fri Aug  2 18:08:53.640 UTC

IS-IS Router: RCDN
  System Id: 0000.0000.0018 
  Job Id: 1005
  Process Id: 7653
  Instance Id: 0
  Null0 ready: Sat Jun 15 21:14:17 2024
  IS Levels: level-1-2
  Manual area address(es):
    49.0001
  Routing for area address(es):
    49.0001
  LSP MTU: 1492
  LSP Full: level-1: No, level-2: No
  Non-stop forwarding: Cisco Proprietary NSF Restart enabled
  Most recent startup mode: Cold Restart
  TE connection status: Up
  XTC connection status: Up
  Overload Bit: not configured
  Maximum Metric: not configured
  Topologies supported by IS-IS:
    IPv4 Unicast
      Rib connected
      Level-1
        Metric style (generate/accept): Wide/Wide
        Metric: 10
      Level-2
        Metric style (generate/accept): Wide/Wide
        Metric: 10
        TE Enabled
      No protocols redistributed
      Distance: 115
      Advertise Passive Interface Prefixes Only: No
  SR-MPLS:
    SRLB allocated: 15000 - 15999
    SRGB allocated: 16000 - 24000
  Interfaces supported by IS-IS:
    Loopback0 is running passively (passive in configuration)
    HundredGigE0/0/0/0 is running actively (active in configuration)
    HundredGigE0/0/0/1 is running actively (active in configuration)
RP/0/RP0/CPU0:NCS540-2#sho interfaces 
Fri Aug  2 18:08:57.755 UTC
Loopback0 is up, line protocol is up 
  Interface state transitions: 1
  Hardware is Loopback interface(s)
  Internet address is 10.0.0.18/32
  MTU 1500 bytes, BW 0 Kbit
     reliability Unknown, txload Unknown, rxload Unknown
  Encapsulation Loopback,  loopback not set,
  Last link flapped 6w5d
  Last input Unknown, output Unknown
  Last clearing of "show interface" counters Unknown
  Input/output data rate is disabled.

Loopback123 is up, line protocol is up 
  Interface state transitions: 1
  Hardware is Loopback interface(s)
  Internet address is 198.18.123.18/32
  MTU 1500 bytes, BW 0 Kbit
     reliability Unknown, txload Unknown, rxload Unknown
  Encapsulation Loopback,  loopback not set,
  Last link flapped 6w5d
  Last input Unknown, output Unknown
  Last clearing of "show interface" counters Unknown
  Input/output data rate is disabled.

Null0 is up, line protocol is up 
  Interface state transitions: 1
  Hardware is Null interface
  Internet address is Unknown
  MTU 1500 bytes, BW 0 Kbit
     reliability 255/255, txload Unknown, rxload Unknown
  Encapsulation Null,  loopback not set,
  Last link flapped 6w5d
  Last input never, output never
  Last clearing of "show interface" counters never
  5 minute input rate 0 bits/sec, 0 packets/sec
  5 minute output rate 0 bits/sec, 0 packets/sec
     0 packets input, 0 bytes, 0 total input drops
     0 drops for unrecognized upper-level protocol
     Received 0 broadcast packets, 0 multicast packets
     0 packets output, 0 bytes, 0 total output drops
     Output 0 broadcast packets, 0 multicast packets

MgmtEth0/RP0/CPU0/0 is up, line protocol is up 
  Interface state transitions: 5
  Hardware is Management Ethernet, address is 8027.6c01.2300 (bia 8027.6c01.2300)
  Internet address is 10.89.200.33/24
  MTU 1514 bytes, BW 1000000 Kbit (Max: 1000000 Kbit)
     reliability 255/255, txload 0/255, rxload 0/255
  Encapsulation ARPA,
  Full-duplex, 1000Mb/s, 1000BASE-T, link type is autonegotiation
  loopback not set,
  Last link flapped 6w5d
  ARP type ARPA, ARP timeout 04:00:00
  Last input never, output never
  Last clearing of "show interface" counters never
  5 minute input rate 0 bits/sec, 0 packets/sec
  5 minute output rate 0 bits/sec, 0 packets/sec
     5622353 packets input, 351220088 bytes, 0 total input drops
     0 drops for unrecognized upper-level protocol
     Received 4813338 broadcast packets, 0 multicast packets
              0 runts, 0 giants, 0 throttles, 0 parity
     0 input errors, 0 CRC, 0 frame, 0 overrun, 0 ignored, 0 abort
     11463396 packets output, 3254494543 bytes, 0 total output drops
     Output 0 broadcast packets, 0 multicast packets
     0 output errors, 0 underruns, 0 applique, 0 resets
     0 output buffer failures, 0 output buffers swapped out
     5 carrier transitions

HundredGigE0/0/0/0 is up, line protocol is up 
  Interface state transitions: 1
  Hardware is HundredGigE, address is 8027.6c01.2304 (bia 8027.6c01.2304)
  Internet address is 172.16.40.94/30
  MTU 9200 bytes, BW 100000000 Kbit (Max: 100000000 Kbit)
     reliability 255/255, txload 0/255, rxload 0/255
  Encapsulation ARPA,
  Full-duplex, 100000Mb/s, 100GBASE-SM-SR, link type is force-up
  output flow control is off, input flow control is off
  loopback not set,
  Last link flapped 6w5d
  ARP type ARPA, ARP timeout 04:00:00
  Last input 00:00:00, output 00:00:00
  Last clearing of "show interface" counters never
  5 minute input rate 13000 bits/sec, 5 packets/sec
  5 minute output rate 12000 bits/sec, 1 packets/sec
     21034546 packets input, 7596713107 bytes, 0 total input drops
     0 drops for unrecognized upper-level protocol
     Received 4 broadcast packets, 712935 multicast packets
              0 runts, 0 giants, 0 throttles, 0 parity
     0 input errors, 0 CRC, 0 frame, 0 overrun, 0 ignored, 0 abort
     4048207 packets output, 6682491585 bytes, 0 total output drops
     Output 3 broadcast packets, 685290 multicast packets
     0 output errors, 0 underruns, 0 applique, 0 resets
     0 output buffer failures, 0 output buffers swapped out
     1 carrier transitions

HundredGigE0/0/0/0.101 is up, line protocol is up 
  Interface state transitions: 1
  Hardware is VLAN sub-interface(s), address is 8027.6c01.2304
  Internet address is 10.101.2.10/24
  MTU 9204 bytes, BW 100000000 Kbit (Max: 100000000 Kbit)
     reliability 255/255, txload 0/255, rxload 0/255
  Encapsulation 802.1Q Virtual LAN, VLAN Id 101,  loopback not set,
  Last link flapped 6w5d
  ARP type ARPA, ARP timeout 04:00:00
  Last input 00:14:07, output 00:14:07
  Last clearing of "show interface" counters never
  5 minute input rate 0 bits/sec, 0 packets/sec
  5 minute output rate 0 bits/sec, 0 packets/sec
     309 packets input, 18540 bytes, 0 total input drops
     0 drops for unrecognized upper-level protocol
     Received 1 broadcast packets, 0 multicast packets
     309 packets output, 14214 bytes, 0 total output drops
     Output 0 broadcast packets, 0 multicast packets

HundredGigE0/0/0/1 is up, line protocol is up 
  Interface state transitions: 1
  Hardware is HundredGigE, address is 8027.6c01.230c (bia 8027.6c01.230c)
  Internet address is 172.16.40.110/30
  MTU 9200 bytes, BW 100000000 Kbit (Max: 100000000 Kbit)
     reliability 255/255, txload 0/255, rxload 0/255
  Encapsulation ARPA,
  Full-duplex, 100000Mb/s, 100GBASE-SM-SR, link type is force-up
  output flow control is off, input flow control is off
  loopback not set,
  Last link flapped 6w5d
  ARP type ARPA, ARP timeout 04:00:00
  Last input 00:00:00, output 00:00:00
  Last clearing of "show interface" counters never
  5 minute input rate 9000 bits/sec, 1 packets/sec
  5 minute output rate 13000 bits/sec, 5 packets/sec
     5122607 packets input, 5119021988 bytes, 0 total input drops
     0 drops for unrecognized upper-level protocol
     Received 6 broadcast packets, 724085 multicast packets
              0 runts, 0 giants, 0 throttles, 0 parity
     0 input errors, 0 CRC, 0 frame, 0 overrun, 0 ignored, 0 abort
     22643599 packets output, 7403181874 bytes, 0 total output drops
     Output 1 broadcast packets, 708937 multicast packets
     0 output errors, 0 underruns, 0 applique, 0 resets
     0 output buffer failures, 0 output buffers swapped out
     1 carrier transitions

TwentyFiveGigE0/0/0/2 is administratively down, line protocol is administratively down 
  Interface state transitions: 0
  Hardware is TwentyFiveGigE, address is 8027.6c01.2314 (bia 8027.6c01.2314)
  Internet address is Unknown
  MTU 1514 bytes, BW 25000000 Kbit (Max: 25000000 Kbit)
     reliability 255/255, txload 0/255, rxload 0/255
  Encapsulation ARPA,
  Full-duplex, 25000Mb/s, link type is force-up
  output flow control is off, input flow control is off
  loopback not set,
  Last input never, output never
  Last clearing of "show interface" counters never
  5 minute input rate 0 bits/sec, 0 packets/sec
  5 minute output rate 0 bits/sec, 0 packets/sec
     0 packets input, 0 bytes, 0 total input drops
     0 drops for unrecognized upper-level protocol
     Received 0 broadcast packets, 0 multicast packets
              0 runts, 0 giants, 0 throttles, 0 parity
     0 input errors, 0 CRC, 0 frame, 0 overrun, 0 ignored, 0 abort
     0 packets output, 0 bytes, 0 total output drops
     Output 0 broadcast packets, 0 multicast packets
     0 output errors, 0 underruns, 0 applique, 0 resets
     0 output buffer failures, 0 output buffers swapped out
     0 carrier transitions

TwentyFiveGigE0/0/0/3 is administratively down, line protocol is administratively down 
  Interface state transitions: 0
  Hardware is TwentyFiveGigE, address is 8027.6c01.2315 (bia 8027.6c01.2315)
  Internet address is Unknown
  MTU 1514 bytes, BW 25000000 Kbit (Max: 25000000 Kbit)
     reliability 255/255, txload 0/255, rxload 0/255
  Encapsulation ARPA,
  Full-duplex, 25000Mb/s, link type is force-up
  output flow control is off, input flow control is off
  loopback not set,
  Last input never, output never
  Last clearing of "show interface" counters never
  5 minute input rate 0 bits/sec, 0 packets/sec
  5 minute output rate 0 bits/sec, 0 packets/sec
     0 packets input, 0 bytes, 0 total input drops
     0 drops for unrecognized upper-level protocol
     Received 0 broadcast packets, 0 multicast packets
              0 runts, 0 giants, 0 throttles, 0 parity
     0 input errors, 0 CRC, 0 frame, 0 overrun, 0 ignored, 0 abort
     0 packets output, 0 bytes, 0 total output drops
     Output 0 broadcast packets, 0 multicast packets
     0 output errors, 0 underruns, 0 applique, 0 resets
     0 output buffer failures, 0 output buffers swapped out
     0 carrier transitions

TwentyFiveGigE0/0/0/4 is administratively down, line protocol is administratively down 
  Interface state transitions: 0
  Hardware is TwentyFiveGigE, address is 8027.6c01.2316 (bia 8027.6c01.2316)
  Internet address is Unknown
  MTU 1514 bytes, BW 25000000 Kbit (Max: 25000000 Kbit)
     reliability 255/255, txload 0/255, rxload 0/255
  Encapsulation ARPA,
  Full-duplex, 25000Mb/s, link type is force-up
  output flow control is off, input flow control is off
  loopback not set,
  Last input never, output never
  Last clearing of "show interface" counters never
  5 minute input rate 0 bits/sec, 0 packets/sec
  5 minute output rate 0 bits/sec, 0 packets/sec
     0 packets input, 0 bytes, 0 total input drops
     0 drops for unrecognized upper-level protocol
     Received 0 broadcast packets, 0 multicast packets
              0 runts, 0 giants, 0 throttles, 0 parity
     0 input errors, 0 CRC, 0 frame, 0 overrun, 0 ignored, 0 abort
     0 packets output, 0 bytes, 0 total output drops
     Output 0 broadcast packets, 0 multicast packets
     0 output errors, 0 underruns, 0 applique, 0 resets
     0 output buffer failures, 0 output buffers swapped out
     0 carrier transitions

TwentyFiveGigE0/0/0/5 is administratively down, line protocol is administratively down 
  Interface state transitions: 0
  Hardware is TwentyFiveGigE, address is 8027.6c01.2317 (bia 8027.6c01.2317)
  Internet address is Unknown
  MTU 1514 bytes, BW 25000000 Kbit (Max: 25000000 Kbit)
     reliability 255/255, txload 0/255, rxload 0/255
  Encapsulation ARPA,
  Full-duplex, 25000Mb/s, link type is force-up
  output flow control is off, input flow control is off
  loopback not set,
  Last input never, output never
  Last clearing of "show interface" counters never
  5 minute input rate 0 bits/sec, 0 packets/sec
  5 minute output rate 0 bits/sec, 0 packets/sec
     0 packets input, 0 bytes, 0 total input drops
     0 drops for unrecognized upper-level protocol
     Received 0 broadcast packets, 0 multicast packets
              0 runts, 0 giants, 0 throttles, 0 parity
     0 input errors, 0 CRC, 0 frame, 0 overrun, 0 ignored, 0 abort
     0 packets output, 0 bytes, 0 total output drops
     Output 0 broadcast packets, 0 multicast packets
     0 output errors, 0 underruns, 0 applique, 0 resets
     0 output buffer failures, 0 output buffers swapped out
     0 carrier transitions

TwentyFiveGigE0/0/0/6 is administratively down, line protocol is administratively down 
  Interface state transitions: 0
  Hardware is TwentyFiveGigE, address is 8027.6c01.2318 (bia 8027.6c01.2318)
  Internet address is Unknown
  MTU 1514 bytes, BW 25000000 Kbit (Max: 25000000 Kbit)
     reliability 255/255, txload 0/255, rxload 0/255
  Encapsulation ARPA,
  Full-duplex, 25000Mb/s, link type is force-up
  output flow control is off, input flow control is off
  loopback not set,
  Last input never, output never
  Last clearing of "show interface" counters never
  5 minute input rate 0 bits/sec, 0 packets/sec
  5 minute output rate 0 bits/sec, 0 packets/sec
     0 packets input, 0 bytes, 0 total input drops
     0 drops for unrecognized upper-level protocol
     Received 0 broadcast packets, 0 multicast packets
              0 runts, 0 giants, 0 throttles, 0 parity
     0 input errors, 0 CRC, 0 frame, 0 overrun, 0 ignored, 0 abort
     0 packets output, 0 bytes, 0 total output drops
     Output 0 broadcast packets, 0 multicast packets
     0 output errors, 0 underruns, 0 applique, 0 resets
     0 output buffer failures, 0 output buffers swapped out
     0 carrier transitions

TwentyFiveGigE0/0/0/7 is administratively down, line protocol is administratively down 
  Interface state transitions: 0
  Hardware is TwentyFiveGigE, address is 8027.6c01.2319 (bia 8027.6c01.2319)
  Internet address is Unknown
  MTU 1514 bytes, BW 25000000 Kbit (Max: 25000000 Kbit)
     reliability 255/255, txload 0/255, rxload 0/255
  Encapsulation ARPA,
  Full-duplex, 25000Mb/s, link type is force-up
  output flow control is off, input flow control is off
  loopback not set,
  Last input never, output never
  Last clearing of "show interface" counters never
  5 minute input rate 0 bits/sec, 0 packets/sec
  5 minute output rate 0 bits/sec, 0 packets/sec
     0 packets input, 0 bytes, 0 total input drops
     0 drops for unrecognized upper-level protocol
     Received 0 broadcast packets, 0 multicast packets
              0 runts, 0 giants, 0 throttles, 0 parity
     0 input errors, 0 CRC, 0 frame, 0 overrun, 0 ignored, 0 abort
     0 packets output, 0 bytes, 0 total output drops
     Output 0 broadcast packets, 0 multicast packets
     0 output errors, 0 underruns, 0 applique, 0 resets
     0 output buffer failures, 0 output buffers swapped out
     0 carrier transitions

TwentyFiveGigE0/0/0/8 is administratively down, line protocol is administratively down 
  Interface state transitions: 0
  Hardware is TwentyFiveGigE, address is 8027.6c01.231a (bia 8027.6c01.231a)
  Internet address is Unknown
  MTU 1514 bytes, BW 25000000 Kbit (Max: 25000000 Kbit)
     reliability 255/255, txload 0/255, rxload 0/255
  Encapsulation ARPA,
  Full-duplex, 25000Mb/s, link type is force-up
  output flow control is off, input flow control is off
  loopback not set,
  Last input never, output never
  Last clearing of "show interface" counters never
  5 minute input rate 0 bits/sec, 0 packets/sec
  5 minute output rate 0 bits/sec, 0 packets/sec
     0 packets input, 0 bytes, 0 total input drops
     0 drops for unrecognized upper-level protocol
     Received 0 broadcast packets, 0 multicast packets
              0 runts, 0 giants, 0 throttles, 0 parity
     0 input errors, 0 CRC, 0 frame, 0 overrun, 0 ignored, 0 abort
     0 packets output, 0 bytes, 0 total output drops
     Output 0 broadcast packets, 0 multicast packets
     0 output errors, 0 underruns, 0 applique, 0 resets
     0 output buffer failures, 0 output buffers swapped out
     0 carrier transitions

TwentyFiveGigE0/0/0/9 is administratively down, line protocol is administratively down 
  Interface state transitions: 0
  Hardware is TwentyFiveGigE, address is 8027.6c01.231b (bia 8027.6c01.231b)
  Internet address is Unknown
  MTU 1514 bytes, BW 25000000 Kbit (Max: 25000000 Kbit)
     reliability 255/255, txload 0/255, rxload 0/255
  Encapsulation ARPA,
  Full-duplex, 25000Mb/s, link type is force-up
          
RP/0/RP0/CPU0:NCS540-2#
RP/0/RP0/CPU0:NCS540-2#
RP/0/RP0/CPU0:NCS540-2#
